# BoxKernel Memory Architecture Analysis - Complete Report

## Executive Summary

**ROOT CAUSE: Physical addresses are being accessed directly as virtual pointers without proper translation, causing GPF when those addresses fall outside the identity-mapped region.**

The GPF at `0xffff800000082aa0` occurs because BoxKernel's VMM tries to use physical addresses returned by the PMM as virtual pointers, relying on identity mapping. When page tables need to be allocated outside the identity-mapped 32MB region during kernel heap allocation, the system crashes.

---

## 1. Complete Memory Architecture

### 1.1 Boot-Time Memory Layout (Physical)

From `stage2.asm`:
```
0x00000000 - 0x000004FF : BIOS data area
0x00000500 - 0x000004FE : E820 memory map (up to 2KB)
0x00007C00 - 0x00007DFF : Stage1 bootloader (512 bytes)
0x00008000 - 0x00008FFF : Stage2 bootloader (4KB)
0x00010000 - 0x00034400 : Kernel image (~145KB)
0x00034400 - 0x003F0000 : BSS section (uninitialized data, ~3.9MB)
0x00500000 - 0x00503FFF : Boot page tables (16KB: PML4, PDPT, PD, PT)
0x00510000              : Boot stack (grows downward)
```

### 1.2 Boot Page Table Setup

**From stage2.asm lines 666-694:**
```asm
; PML4 at 0x500000 -> points to PDPT at 0x501000
; PDPT at 0x501000 -> points to PD at 0x502000
; PD at 0x502000   -> 16 entries of 2MB large pages

; Identity mapping: virtual address = physical address
; Range: 0x00000000 - 0x02000000 (32MB)
```

**Critical Fact:** The bootloader creates **identity mapping** for only the first **32MB** of physical memory using **2MB large pages**.

### 1.3 Virtual Memory Layout (After VMM Init)

From `vmm.h` and `vmm.c`:
```
Lower Half (User Space):
  0x0000000000400000 - 0x00007FFFFFFFFFFF : User space (~128TB)
  
Higher Half (Kernel Space):
  0xFFFF800000000000                      : Kernel base (VMM_KERNEL_BASE)
  0xFFFF800000000000 - 0xFFFF800040000000 : Kernel heap (1GB, demand-paged)
  0xFFFF800040000000+                     : Other kernel regions
```

### 1.4 VMM Initialization (vmm_init)

**From vmm.c lines 819-892:**
1. Creates kernel context with new PML4 table
2. Sets up identity mapping for **0-64MB** (16,384 pages × 4KB)
3. Switches to new page tables via CR3
4. Kernel heap at `0xFFFF800000000000` is **NOT pre-mapped** (demand-paged)

---

## 2. Physical Memory Manager (PMM) Analysis

### 2.1 PMM Architecture

**From pmm.c:**
- Manages physical memory starting at **0x100000 (1MB)**
- Uses bitmap allocation (1 bit per 4KB page)
- Bitmap located after kernel end

### 2.2 pmm_alloc() Function

**Lines 189-207:**
```c
void* pmm_alloc(size_t pages) {
    // ... find free pages ...
    
    // RETURNS PHYSICAL ADDRESS
    void* addr = (void*)(pmm_zone.base + start * PMM_PAGE_SIZE);
    return addr;  // This is PHYSICAL address like 0x102000
}
```

**Key: Returns PHYSICAL addresses (e.g., 0x102000, 0x500000)**

### 2.3 pmm_alloc_zero() - CRITICAL BUG #1

**Lines 209-213:**
```c
void* pmm_alloc_zero(size_t pages) {
    void* addr = pmm_alloc(pages);  // Returns PHYSICAL address
    if (addr) 
        memset(addr, 0, pages * PMM_PAGE_SIZE);  // ⚠️ ACCESSING PHYSICAL AS VIRTUAL!
    return addr;
}
```

**BUG:** Directly accesses physical address as a virtual pointer!
- Works if `addr` is within identity-mapped region (0-64MB)
- **FAILS** if `addr` is outside identity-mapped region
- No `phys_to_virt()` conversion exists

---

## 3. Virtual Memory Manager (VMM) Analysis

### 3.1 vmm_get_or_create_table() - CRITICAL BUG #2

**Lines 89-122:**
```c
page_table_t* vmm_get_or_create_table(vmm_context_t* ctx, 
                                       uintptr_t virt_addr, int level) {
    page_table_t* current_table = ctx->pml4;
    
    for (int i = 0; i < level; i++) {
        pte_t* entry = &current_table->entries[indices[i]];
        
        if (!(*entry & VMM_FLAG_PRESENT)) {
            // Allocate new page table
            uintptr_t new_table_phys = vmm_alloc_page_table();  // Returns PHYSICAL
            *entry = vmm_make_pte(new_table_phys, VMM_FLAGS_KERNEL_RW);
        }
        
        // Extract physical address from PTE
        uintptr_t next_table_phys = vmm_pte_to_phys(*entry);
        
        // ⚠️ CRITICAL BUG: Treating physical address as virtual pointer!
        current_table = (page_table_t*)next_table_phys;  // LINE 118
    }
    
    return current_table;
}
```

**THE BUG:**
- Line 117: `next_table_phys` is a **PHYSICAL** address (e.g., 0x102000)
- Line 118: **CASTS IT TO POINTER** and dereferences it as virtual address
- **Only works if physical address is identity-mapped (0-64MB)**
- **FAILS with GPF** if physical address is outside identity-mapped region

### 3.2 vmalloc() Call Chain

```
vmalloc(size)
  └─> vmm_alloc_pages(ctx, page_count, VMM_FLAGS_KERNEL_RW)
      ├─> pmm_alloc(page_count)  // Allocates physical pages
      │   └─> returns physical addresses
      └─> vmm_map_page() for each page
          └─> vmm_get_or_create_pte()
              └─> vmm_get_or_create_table() ⚠️ BUG HERE
                  └─> vmm_alloc_page_table()
                      └─> pmm_alloc_zero(1) ⚠️ BUG HERE
```

---

## 4. The Innovation - Demand Paging

### 4.1 Design Intent

**From vmm.c lines 1121-1212:**
- Kernel heap (`0xFFFF800000000000`) is **not pre-mapped**
- Page fault handler (`vmm_handle_page_fault`) maps pages **on-demand**
- When accessing unmapped kernel heap page → page fault → handler maps it automatically

### 4.2 Page Fault Handler

```c
int vmm_handle_page_fault(uintptr_t fault_addr, uint64_t error_code) {
    if (page_addr >= VMM_KERNEL_HEAP_BASE && 
        page_addr < VMM_KERNEL_HEAP_BASE + VMM_KERNEL_HEAP_SIZE) {
        
        void* phys_page = pmm_alloc(1);         // Get physical page
        vmm_map_page(ctx, page_addr, phys_addr, flags);  // Map it
        return 0;  // Success
    }
    return -1;  // Cannot handle
}
```

**This is INNOVATIVE** but **BROKEN** due to the physical→virtual address bug.

---

## 5. The Failure Scenario - Step by Step

### Scenario: `vmalloc(8192)` for kernel heap

1. **User calls:** `void* ptr = vmalloc(8192);`

2. **vmalloc() → vmm_alloc_pages()**
   - Needs to allocate 2 pages
   - Virtual address: `0xFFFF800000000000` (kernel heap)
   - This address is **NOT mapped yet** (demand paging)

3. **vmm_alloc_pages() calls pmm_alloc(2)**
   - PMM allocates 2 physical pages, say at `0x102000` and `0x103000`
   - Returns `0x102000`

4. **vmm_alloc_pages() calls vmm_map_page()**
   - Needs to map `0xFFFF800000000000 → 0x102000`
   - Calls `vmm_get_or_create_pte()`

5. **vmm_get_or_create_pte() → vmm_get_or_create_table()**
   - Walks page tables: PML4 → PDPT → PD → PT
   - Kernel heap address `0xFFFF800000000000` requires:
     - PML4 index: 256 (higher half)
     - New PDPT, PD, PT tables needed

6. **vmm_get_or_create_table() allocates new PDPT:**
   - Calls `vmm_alloc_page_table()`
   - → `pmm_alloc_zero(1)` returns physical `0x104000`
   - ⚠️ **BUG:** `memset(0x104000, 0, 4096)` tries to access physical address as virtual
   - If `0x104000` is NOT identity-mapped (>64MB) → **PAGE FAULT**

7. **Page Fault Handler Triggered:**
   - Fault address: `0x104000` (or similar)
   - Handler tries to map this page
   - Calls `vmm_map_page()` → `vmm_get_or_create_table()` **AGAIN**
   - **RECURSIVE FAILURE:** Needs more page tables → allocates more → accesses as virtual → more faults

8. **vmm_get_or_create_table() tries to walk page tables:**
   - Line 118: `current_table = (page_table_t*)0x104000;`
   - Tries to access `current_table->entries[...]`
   - Address `0x104000` is NOT mapped in virtual space
   - **GENERAL PROTECTION FAULT at RIP 0x13be1**

### Why GPF Instead of Page Fault?

The error shows:
```
Exception Vector: 13 (GPF!)
RIP: 0x13be1
```

**GPF occurs because:**
- The instruction at RIP `0x13be1` tries to access memory via physical address cast to pointer
- The address `0x104000` (or similar) has NO PTE in kernel context
- CPU detects invalid memory access → **GPF** instead of page fault
- OR: The recursive page faulting during page table allocation causes a **Double Fault**, which appears as GPF

---

## 6. Why Identity Mapping Partially Works

### Identity Mapping Scope

**VMM Init (vmm.c lines 840-853):**
```c
// Identity map first 64MB
for (uintptr_t addr = 0; addr < 0x4000000; addr += VMM_PAGE_SIZE) {
    vmm_map_page(kernel_context, addr, addr, VMM_FLAGS_KERNEL_RW);
}
```

### When It Works

- PMM allocates physical memory starting at `0x100000` (1MB)
- First physical pages (0x100000 - 0x4000000) **are identity-mapped**
- Accessing physical `0x102000` as virtual `0x102000` **works**
- PMM's `pmm_alloc_zero(0x102000)` **succeeds**

### When It Fails

- System runs longer, allocates more memory
- Physical memory beyond **64MB boundary** gets allocated
- PMM returns physical address like `0x5000000` (80MB)
- Accessing physical `0x5000000` as virtual `0x5000000` **has no mapping**
- **PAGE FAULT or GPF**

### Your Error: 0xffff800000082aa0

```
[VMM] Page fault at 0xffff800000082aa0
[VMM] Demand paging: mapping kernel heap page at 0xffff800000082000
Exception Vector: 13 (GPF!)
RIP: 0x13be1
```

**Analysis:**
1. Page fault at `0xffff800000082aa0` (kernel heap + 528KB)
2. Handler tries to map page at `0xffff800000082000`
3. During mapping, needs to allocate/access page tables
4. **GPF at RIP 0x13be1** - likely in `vmm_get_or_create_table()` or `pmm_alloc_zero()`
5. The instruction at `0x13be1` tries to dereference a physical address as virtual

---

## 7. Missing Architecture Component

### What's Missing: phys_to_virt() / virt_to_phys()

**Other kernels (Linux, FreeBSD) have:**
```c
#define PHYS_TO_VIRT(phys) ((void*)((phys) + 0xFFFF880000000000ULL))
#define VIRT_TO_PHYS(virt) ((uintptr_t)(virt) - 0xFFFF880000000000ULL)
```

**BoxKernel has:**
- `vmm_virt_to_phys()` - converts virtual to physical (for mapped pages)
- **NO `vmm_phys_to_virt()`** - cannot convert physical to virtual!

**Result:**
- Page tables allocated by PMM cannot be safely accessed
- System relies on fragile identity mapping

---

## 8. The Complete Bug List

### Bug #1: pmm_alloc_zero() Direct Physical Access
**Location:** `pmm.c:211`
```c
void* pmm_alloc_zero(size_t pages) {
    void* addr = pmm_alloc(pages);
    memset(addr, 0, pages * PMM_PAGE_SIZE);  // ⚠️ Physical as virtual
    return addr;
}
```

### Bug #2: vmm_get_or_create_table() Physical Pointer Cast
**Location:** `vmm.c:118`
```c
uintptr_t next_table_phys = vmm_pte_to_phys(*entry);
current_table = (page_table_t*)next_table_phys;  // ⚠️ Physical as virtual
```

### Bug #3: vmm_get_pte_noalloc() Physical Pointer Casts
**Location:** `vmm.c:137, 147, 156`
```c
page_table_t* pdpt = (page_table_t*)vmm_pte_to_phys(pml4_entry);  // ⚠️
page_table_t* pd = (page_table_t*)vmm_pte_to_phys(pdpt_entry);    // ⚠️
page_table_t* pt = (page_table_t*)vmm_pte_to_phys(pd_entry);      // ⚠️
```

### Bug #4: vmm_dump_page_tables() Physical Pointer Casts
**Location:** `vmm.c:922, 932, 949`
- Same issue in debugging function

---

## 9. Solutions Required

### Solution 1: Extend Identity Mapping (Quick Fix)

**Extend to 4GB:**
```c
// In vmm_init()
for (uintptr_t addr = 0; addr < 0x100000000ULL; addr += VMM_PAGE_SIZE) {
    vmm_map_page(kernel_context, addr, addr, VMM_FLAGS_KERNEL_RW);
}
```

**Pros:** Simple, works immediately
**Cons:** Wastes page table entries, not scalable to >4GB RAM

### Solution 2: Higher-Half Direct Mapping (Proper Fix)

**Map ALL physical memory to higher half:**
```c
#define PHYS_BASE 0xFFFF880000000000ULL  // Direct physical mapping base

static inline void* phys_to_virt(uintptr_t phys) {
    return (void*)(phys + PHYS_BASE);
}

static inline uintptr_t virt_to_phys(void* virt) {
    return (uintptr_t)virt - PHYS_BASE;
}
```

**In vmm_init():**
```c
// Map all physical memory to 0xFFFF880000000000+
size_t total_phys_pages = pmm_total_pages();
for (size_t i = 0; i < total_phys_pages; i++) {
    uintptr_t phys = 0x100000 + i * VMM_PAGE_SIZE;
    uintptr_t virt = PHYS_BASE + phys;
    vmm_map_page(kernel_context, virt, phys, VMM_FLAGS_KERNEL_RW);
}
```

**Fix all pointer casts:**
```c
// In vmm_get_or_create_table():
uintptr_t next_table_phys = vmm_pte_to_phys(*entry);
current_table = (page_table_t*)phys_to_virt(next_table_phys);  // ✅ FIXED

// In pmm_alloc_zero():
void* pmm_alloc_zero(size_t pages) {
    void* phys_addr = pmm_alloc(pages);
    void* virt_addr = phys_to_virt((uintptr_t)phys_addr);  // ✅ FIXED
    memset(virt_addr, 0, pages * VMM_PAGE_SIZE);
    return phys_addr;  // Still return physical
}
```

### Solution 3: Recursive Page Table Mapping (Advanced)

Map PML4 recursively to access all page tables via fixed virtual address.

---

## 10. Conclusion

### Root Cause Summary

**BoxKernel's VMM uses physical addresses as virtual pointers, relying on identity mapping. When PMM allocates physical pages beyond the identity-mapped region (64MB), accessing these pages causes GPF.**

### The Innovation That Failed

The **demand paging for kernel heap** is a good idea, but:
1. No proper physical-to-virtual address translation layer
2. Recursive page table allocation during page fault handling
3. Fragile reliance on limited identity mapping

### Next Steps

1. Implement `phys_to_virt()` / `virt_to_phys()` macros
2. Create higher-half direct mapping for all physical memory
3. Fix all physical→virtual pointer casts in VMM and PMM
4. Test with memory beyond 64MB

---

**Report generated:** $(date)
**Analyzed by:** Claude (Anthropic)
**Architecture:** x86-64 Long Mode with 4-level paging
